{
  "uid" : "5616b2b275c372c9",
  "name" : "test_message_disappeared_after_adding_product_to_basket",
  "fullName" : "test_product_page.TestProductPage#test_message_disappeared_after_adding_product_to_basket",
  "historyId" : "00be33377795fb724b903c2887a23a71",
  "time" : {
    "start" : 1624452628698,
    "stop" : 1624452635331,
    "duration" : 6633
  },
  "status" : "skipped",
  "statusMessage" : "XFAIL\n\nAssertionError: Success message is not disappeared",
  "statusTrace" : "self = <module_5.test_product_page.TestProductPage object at 0x1086a2c40>\nbrowser = <selenium.webdriver.chrome.webdriver.WebDriver (session=\"4ee3abb8645330784d4f09826fe14e08\")>\n\n    @pytest.mark.xfail\n    def test_message_disappeared_after_adding_product_to_basket(self, browser):\n        # Arrange\n        page = ProductPage(browser, link)\n        page.open()\n    \n        # Act\n        page.add_product_to_basket()\n    \n        # Assert\n>       page.success_message_should_disappeared()\n\ntest_product_page.py:35: \n_ _ _ _ _ _ _ _ _ _ _ _ _ _ _ _ _ _ _ _ _ _ _ _ _ _ _ _ _ _ _ _ _ _ _ _ _ _ _ _ _ _ _ _ _ _ _ _ _ _ _ _ _ _ _ _ _ _ _ _ _ _ _ _ _ _ _ _ _ _ _ _ _ _ _ _ _ _ _ _ _ _ _ _ _ _ _ _\n\nself = <module_5.pages.product_page.ProductPage object at 0x1086965e0>\n\n    def success_message_should_disappeared(self):\n>       assert self.is_disappeared(*ProductPageLocators.ADD_TO_BASKET_MESSAGE), \\\n            \"Success message is not disappeared\"\nE       AssertionError: Success message is not disappeared\n\npages/product_page.py:22: AssertionError",
  "flaky" : false,
  "newFailed" : false,
  "beforeStages" : [ {
    "name" : "language",
    "time" : {
      "start" : 1624452593563,
      "stop" : 1624452593563,
      "duration" : 0
    },
    "status" : "passed",
    "steps" : [ ],
    "attachments" : [ ],
    "parameters" : [ ],
    "stepsCount" : 0,
    "attachmentsCount" : 0,
    "shouldDisplayMessage" : false,
    "hasContent" : false
  }, {
    "name" : "browser",
    "time" : {
      "start" : 1624452626002,
      "stop" : 1624452628693,
      "duration" : 2691
    },
    "status" : "passed",
    "steps" : [ ],
    "attachments" : [ ],
    "parameters" : [ ],
    "stepsCount" : 0,
    "attachmentsCount" : 0,
    "shouldDisplayMessage" : false,
    "hasContent" : false
  }, {
    "name" : "browser_name",
    "time" : {
      "start" : 1624452593563,
      "stop" : 1624452593563,
      "duration" : 0
    },
    "status" : "passed",
    "steps" : [ ],
    "attachments" : [ ],
    "parameters" : [ ],
    "stepsCount" : 0,
    "attachmentsCount" : 0,
    "shouldDisplayMessage" : false,
    "hasContent" : false
  } ],
  "testStage" : {
    "status" : "skipped",
    "statusMessage" : "XFAIL\n\nAssertionError: Success message is not disappeared",
    "statusTrace" : "self = <module_5.test_product_page.TestProductPage object at 0x1086a2c40>\nbrowser = <selenium.webdriver.chrome.webdriver.WebDriver (session=\"4ee3abb8645330784d4f09826fe14e08\")>\n\n    @pytest.mark.xfail\n    def test_message_disappeared_after_adding_product_to_basket(self, browser):\n        # Arrange\n        page = ProductPage(browser, link)\n        page.open()\n    \n        # Act\n        page.add_product_to_basket()\n    \n        # Assert\n>       page.success_message_should_disappeared()\n\ntest_product_page.py:35: \n_ _ _ _ _ _ _ _ _ _ _ _ _ _ _ _ _ _ _ _ _ _ _ _ _ _ _ _ _ _ _ _ _ _ _ _ _ _ _ _ _ _ _ _ _ _ _ _ _ _ _ _ _ _ _ _ _ _ _ _ _ _ _ _ _ _ _ _ _ _ _ _ _ _ _ _ _ _ _ _ _ _ _ _ _ _ _ _\n\nself = <module_5.pages.product_page.ProductPage object at 0x1086965e0>\n\n    def success_message_should_disappeared(self):\n>       assert self.is_disappeared(*ProductPageLocators.ADD_TO_BASKET_MESSAGE), \\\n            \"Success message is not disappeared\"\nE       AssertionError: Success message is not disappeared\n\npages/product_page.py:22: AssertionError",
    "steps" : [ ],
    "attachments" : [ {
      "uid" : "d29397b8e14ff8ab",
      "name" : "stdout",
      "source" : "d29397b8e14ff8ab.txt",
      "type" : "text/plain",
      "size" : 63
    } ],
    "parameters" : [ ],
    "stepsCount" : 0,
    "attachmentsCount" : 1,
    "shouldDisplayMessage" : true,
    "hasContent" : true
  },
  "afterStages" : [ {
    "name" : "browser::0",
    "time" : {
      "start" : 1624452635343,
      "stop" : 1624452635549,
      "duration" : 206
    },
    "status" : "passed",
    "steps" : [ ],
    "attachments" : [ ],
    "parameters" : [ ],
    "stepsCount" : 0,
    "attachmentsCount" : 0,
    "shouldDisplayMessage" : false,
    "hasContent" : false
  } ],
  "labels" : [ {
    "name" : "tag",
    "value" : "@pytest.mark.xfail"
  }, {
    "name" : "suite",
    "value" : "test_product_page"
  }, {
    "name" : "subSuite",
    "value" : "TestProductPage"
  }, {
    "name" : "host",
    "value" : "MacBook-Air-Maksim.local"
  }, {
    "name" : "thread",
    "value" : "9523-MainThread"
  }, {
    "name" : "framework",
    "value" : "pytest"
  }, {
    "name" : "language",
    "value" : "cpython3"
  }, {
    "name" : "package",
    "value" : "test_product_page"
  }, {
    "name" : "resultFormat",
    "value" : "allure2"
  } ],
  "parameters" : [ ],
  "links" : [ ],
  "hidden" : false,
  "retry" : false,
  "extra" : {
    "severity" : "normal",
    "retries" : [ ],
    "categories" : [ ],
    "tags" : [ "@pytest.mark.xfail" ]
  },
  "source" : "5616b2b275c372c9.json",
  "parameterValues" : [ ]
}